<?xml version="1.0" encoding="UTF-8"?>
<!-- Generated by org.testng.reporters.JUnitXMLReporter -->
<testsuite ignored="0" hostname="DESKTOP-V6S2GU6" failures="0" tests="5" name="Default test" time="4.14" errors="0" timestamp="2024-04-14T09:08:19 CEST">
  <testcase classname="testCases.TestOne" name="getAlldataTest" time="2.979"/>
  <testcase classname="testCases.TestOne" name="postTest" time="0.88"/>
  <testcase classname="testCases.TestOne" name="getAlldataAfterPostingNewHumanTest" time="0.038"/>
  <testcase classname="testCases.TestOne" name="updateHumanFromTheList" time="0.037"/>
  <testcase classname="testCases.TestOne" name="getAlldataAfterUpdateHumanTest" time="0.115"/>
</testsuite> <!-- Default test -->
